<?xml version="1.0" encoding="UTF-8"?>
<testng-results skipped="0" failed="0" ignored="0" total="2" passed="2">
  <reporter-output>
  </reporter-output>
  <suite name="Suite" duration-ms="6499" started-at="2019-08-28T11:37:45Z" finished-at="2019-08-28T11:37:52Z">
    <groups>
    </groups>
    <test name="Test02" duration-ms="2370" started-at="2019-08-28T11:37:45Z" finished-at="2019-08-28T11:37:48Z">
      <class name="lessons.TestCrossBrowser">
        <test-method status="PASS" signature="startBrowser(java.lang.String)[pri:0, instance:lessons.TestCrossBrowser@1ae67cad]" name="startBrowser" duration-ms="2202" started-at="2019-08-28T11:37:46Z" finished-at="2019-08-28T11:37:48Z">
          <params>
            <param index="0">
              <value>
                <![CDATA[Chrome]]>
              </value>
            </param>
          </params>
          <reporter-output>
          </reporter-output>
        </test-method> <!-- startBrowser -->
      </class> <!-- lessons.TestCrossBrowser -->
    </test> <!-- Test02 -->
    <test name="Test01" duration-ms="6499" started-at="2019-08-28T11:37:45Z" finished-at="2019-08-28T11:37:52Z">
      <class name="lessons.TestCrossBrowser">
        <test-method status="PASS" signature="startBrowser(java.lang.String)[pri:0, instance:lessons.TestCrossBrowser@1af687fe]" name="startBrowser" duration-ms="6452" started-at="2019-08-28T11:37:46Z" finished-at="2019-08-28T11:37:52Z">
          <params>
            <param index="0">
              <value>
                <![CDATA[Firefox]]>
              </value>
            </param>
          </params>
          <reporter-output>
          </reporter-output>
        </test-method> <!-- startBrowser -->
      </class> <!-- lessons.TestCrossBrowser -->
    </test> <!-- Test01 -->
  </suite> <!-- Suite -->
</testng-results>
